<?xml version="1.0" encoding="utf-8" standalone="no"?>
<test-run id="2" testcasecount="148" result="Passed" total="1" passed="1" failed="0" inconclusive="0" skipped="0" asserts="2" engine-version="3.8.0.0" clr-version="4.0.30319.42000" start-time="2018-07-05 11:10:06Z" end-time="2018-07-05 11:10:07Z" duration="0.859791">
  <command-line><![CDATA["nunit3-console\nunit3-console.exe" "C:\temp\ST (Tests)\SourceTree.Dvcs.Git.Test.unit.dll" --test=SourceTree.Dvcs.Git.Test.unit.Utils.GitHelperTest.VerifyGetVersionNumberWorksForValidWindowsVersion]]></command-line>
  <filter>
    <test>SourceTree.Dvcs.Git.Test.unit.Utils.GitHelperTest.VerifyGetVersionNumberWorksForValidWindowsVersion</test>
  </filter>
  <test-suite type="Assembly" id="0-1172" name="SourceTree.Dvcs.Git.Test.unit.dll" fullname="C:\temp\ST (Tests)\SourceTree.Dvcs.Git.Test.unit.dll" runstate="Runnable" testcasecount="148" result="Passed" start-time="2018-07-05 11:10:07Z" end-time="2018-07-05 11:10:07Z" duration="0.107907" total="1" passed="1" failed="0" warnings="0" inconclusive="0" skipped="0" asserts="2">
    <environment framework-version="3.9.0.0" clr-version="4.0.30319.42000" os-version="Microsoft Windows NT 10.0.15063.0" platform="Win32NT" cwd="C:\Repositories\nunit-gui-WPF\NUnit3Gui\bin\Debug" machine-name="IF24" user="kusenko" user-domain="SOFTSERVE" culture="uk-UA" uiculture="en-US" os-architecture="x64" />
    <settings>
      <setting name="DisposeRunners" value="True" />
      <setting name="WorkDirectory" value="C:\Repositories\nunit-gui-WPF\NUnit3Gui\bin\Debug" />
      <setting name="ImageRuntimeVersion" value="4.0.30319" />
      <setting name="ImageTargetFrameworkName" value=".NETFramework,Version=v4.7.1" />
      <setting name="ImageRequiresX86" value="False" />
      <setting name="ImageRequiresDefaultAppDomainAssemblyResolver" value="False" />
      <setting name="NumberOfTestWorkers" value="4" />
    </settings>
    <properties>
      <property name="_PID" value="14392" />
      <property name="_APPDOMAIN" value="domain-" />
    </properties>
    <test-suite type="TestSuite" id="0-1173" name="SourceTree" fullname="SourceTree" runstate="Runnable" testcasecount="148" result="Passed" start-time="2018-07-05 11:10:07Z" end-time="2018-07-05 11:10:07Z" duration="0.083646" total="1" passed="1" failed="0" warnings="0" inconclusive="0" skipped="0" asserts="2">
      <test-suite type="TestSuite" id="0-1174" name="Dvcs" fullname="SourceTree.Dvcs" runstate="Runnable" testcasecount="148" result="Passed" start-time="2018-07-05 11:10:07Z" end-time="2018-07-05 11:10:07Z" duration="0.082791" total="1" passed="1" failed="0" warnings="0" inconclusive="0" skipped="0" asserts="2">
        <test-suite type="TestSuite" id="0-1175" name="Git" fullname="SourceTree.Dvcs.Git" runstate="Runnable" testcasecount="148" result="Passed" start-time="2018-07-05 11:10:07Z" end-time="2018-07-05 11:10:07Z" duration="0.082768" total="1" passed="1" failed="0" warnings="0" inconclusive="0" skipped="0" asserts="2">
          <test-suite type="TestSuite" id="0-1176" name="Test" fullname="SourceTree.Dvcs.Git.Test" runstate="Runnable" testcasecount="148" result="Passed" start-time="2018-07-05 11:10:07Z" end-time="2018-07-05 11:10:07Z" duration="0.082761" total="1" passed="1" failed="0" warnings="0" inconclusive="0" skipped="0" asserts="2">
            <test-suite type="TestSuite" id="0-1179" name="unit" fullname="SourceTree.Dvcs.Git.Test.unit" runstate="Runnable" testcasecount="143" result="Passed" start-time="2018-07-05 11:10:07Z" end-time="2018-07-05 11:10:07Z" duration="0.082754" total="1" passed="1" failed="0" warnings="0" inconclusive="0" skipped="0" asserts="2">
              <test-suite type="TestSuite" id="0-1180" name="Utils" fullname="SourceTree.Dvcs.Git.Test.unit.Utils" runstate="Runnable" testcasecount="4" result="Passed" start-time="2018-07-05 11:10:07Z" end-time="2018-07-05 11:10:07Z" duration="0.082737" total="1" passed="1" failed="0" warnings="0" inconclusive="0" skipped="0" asserts="2">
                <test-suite type="TestFixture" id="0-1006" name="GitHelperTest" fullname="SourceTree.Dvcs.Git.Test.unit.Utils.GitHelperTest" classname="SourceTree.Dvcs.Git.Test.unit.Utils.GitHelperTest" runstate="Runnable" testcasecount="4" result="Passed" start-time="2018-07-05 11:10:07Z" end-time="2018-07-05 11:10:07Z" duration="0.077905" total="1" passed="1" failed="0" warnings="0" inconclusive="0" skipped="0" asserts="2">
                  <test-case id="0-1008" name="VerifyGetVersionNumberWorksForValidWindowsVersion" fullname="SourceTree.Dvcs.Git.Test.unit.Utils.GitHelperTest.VerifyGetVersionNumberWorksForValidWindowsVersion" methodname="VerifyGetVersionNumberWorksForValidWindowsVersion" classname="SourceTree.Dvcs.Git.Test.unit.Utils.GitHelperTest" runstate="Runnable" seed="1751415488" result="Passed" start-time="2018-07-05 11:10:07Z" end-time="2018-07-05 11:10:07Z" duration="0.064872" asserts="2" />
                </test-suite>
              </test-suite>
            </test-suite>
          </test-suite>
        </test-suite>
      </test-suite>
    </test-suite>
  </test-suite>
</test-run>