<?xml version="1.0" encoding="utf-8" standalone="no"?>
<test-run id="2" testcasecount="2" result="Passed" total="1" passed="1" failed="0" inconclusive="0" skipped="0" asserts="1" engine-version="3.8.0.0" clr-version="4.0.30319.42000" start-time="2018-07-05 11:20:51Z" end-time="2018-07-05 11:20:51Z" duration="0.752257">
  <command-line><![CDATA["nunit3-console\nunit3-console.exe" "C:\Repositories\nunit-gui-WPF\NUnit3Gui\bin\Debug\NUnit3Gui.UnitTest.dll" --test=NUnit3Gui.UnitTest.UnitTest1.TestMethod2]]></command-line>
  <filter>
    <test>NUnit3Gui.UnitTest.UnitTest1.TestMethod2</test>
  </filter>
  <test-suite type="Assembly" id="0-1003" name="NUnit3Gui.UnitTest.dll" fullname="C:\Repositories\nunit-gui-WPF\NUnit3Gui\bin\Debug\NUnit3Gui.UnitTest.dll" runstate="Runnable" testcasecount="2" result="Passed" start-time="2018-07-05 11:20:51Z" end-time="2018-07-05 11:20:51Z" duration="0.056231" total="1" passed="1" failed="0" warnings="0" inconclusive="0" skipped="0" asserts="1">
    <environment framework-version="3.10.1.0" clr-version="4.0.30319.42000" os-version="Microsoft Windows NT 10.0.15063.0" platform="Win32NT" cwd="C:\Repositories\nunit-gui-WPF\NUnit3Gui\bin\Debug" machine-name="IF24" user="kusenko" user-domain="SOFTSERVE" culture="uk-UA" uiculture="en-US" os-architecture="x64" />
    <settings>
      <setting name="DisposeRunners" value="True" />
      <setting name="WorkDirectory" value="C:\Repositories\nunit-gui-WPF\NUnit3Gui\bin\Debug" />
      <setting name="ImageRuntimeVersion" value="4.0.30319" />
      <setting name="ImageTargetFrameworkName" value=".NETFramework,Version=v4.7.1" />
      <setting name="ImageRequiresX86" value="False" />
      <setting name="ImageRequiresDefaultAppDomainAssemblyResolver" value="False" />
      <setting name="NumberOfTestWorkers" value="4" />
    </settings>
    <properties>
      <property name="_PID" value="23864" />
      <property name="_APPDOMAIN" value="domain-" />
    </properties>
    <test-suite type="TestSuite" id="0-1004" name="NUnit3Gui" fullname="NUnit3Gui" runstate="Runnable" testcasecount="2" result="Passed" start-time="2018-07-05 11:20:51Z" end-time="2018-07-05 11:20:51Z" duration="0.031832" total="1" passed="1" failed="0" warnings="0" inconclusive="0" skipped="0" asserts="1">
      <test-suite type="TestSuite" id="0-1005" name="UnitTest" fullname="NUnit3Gui.UnitTest" runstate="Runnable" testcasecount="2" result="Passed" start-time="2018-07-05 11:20:51Z" end-time="2018-07-05 11:20:51Z" duration="0.030918" total="1" passed="1" failed="0" warnings="0" inconclusive="0" skipped="0" asserts="1">
        <test-suite type="TestFixture" id="0-1000" name="UnitTest1" fullname="NUnit3Gui.UnitTest.UnitTest1" classname="NUnit3Gui.UnitTest.UnitTest1" runstate="Runnable" testcasecount="2" result="Passed" start-time="2018-07-05 11:20:51Z" end-time="2018-07-05 11:20:51Z" duration="0.025404" total="1" passed="1" failed="0" warnings="0" inconclusive="0" skipped="0" asserts="1">
          <test-case id="0-1002" name="TestMethod2" fullname="NUnit3Gui.UnitTest.UnitTest1.TestMethod2" methodname="TestMethod2" classname="NUnit3Gui.UnitTest.UnitTest1" runstate="Runnable" seed="1945186695" result="Passed" start-time="2018-07-05 11:20:51Z" end-time="2018-07-05 11:20:51Z" duration="0.009308" asserts="1" />
        </test-suite>
      </test-suite>
    </test-suite>
  </test-suite>
</test-run>